<?xml version="1.0" encoding="UTF-8"?>
<!-- Generated by org.testng.reporters.JUnitXMLReporter -->
<testsuite ignored="0" hostname="LETRUNGKIEN" failures="0" tests="4" name="Default test" time="49.296" errors="0" timestamp="2023-04-22T13:45:05 ICT">
  <testcase classname="com.techbeamers.testng.SaveTestNGResultToExcel" name="LaunchWebsite" time="5.093"/>
  <testcase classname="com.techbeamers.testng.SaveTestNGResultToExcel" name="FillLoginDetails" time="1.447"/>
  <testcase classname="com.techbeamers.testng.SaveTestNGResultToExcel" name="DoLogin" time="2.437"/>
  <testcase classname="com.techbeamers.testng.SaveTestNGResultToExcel" name="LogOut" time="31.46"/>
</testsuite> <!-- Default test -->
