<?xml version="1.0" encoding="UTF-8"?>
<testng-results ignored="0" total="4" passed="4" failed="0" skipped="0">
  <reporter-output>
  </reporter-output>
  <suite started-at="2023-04-22T13:44:15 ICT" name="Default suite" finished-at="2023-04-22T13:45:05 ICT" duration-ms="49296">
    <groups>
    </groups>
    <test started-at="2023-04-22T13:44:15 ICT" name="Default test" finished-at="2023-04-22T13:45:05 ICT" duration-ms="49296">
      <class name="com.techbeamers.testng.SaveTestNGResultToExcel">
        <test-method is-config="true" signature="suiteSetUp()[pri:0, instance:com.techbeamers.testng.SaveTestNGResultToExcel@173ed316]" started-at="2023-04-22T13:44:15 ICT" name="suiteSetUp" finished-at="2023-04-22T13:44:23 ICT" duration-ms="7689" status="PASS">
          <reporter-output>
          </reporter-output>
        </test-method> <!-- suiteSetUp -->
        <test-method signature="LaunchWebsite()[pri:1, instance:com.techbeamers.testng.SaveTestNGResultToExcel@173ed316]" started-at="2023-04-22T13:44:23 ICT" name="LaunchWebsite" description="Opens the TestNG OE Website for Login Test and Create a video and check the video you just created" finished-at="2023-04-22T13:44:28 ICT" duration-ms="5093" status="PASS">
          <reporter-output>
          </reporter-output>
        </test-method> <!-- LaunchWebsite -->
        <test-method signature="FillLoginDetails()[pri:2, instance:com.techbeamers.testng.SaveTestNGResultToExcel@173ed316]" started-at="2023-04-22T13:44:28 ICT" name="FillLoginDetails" description="Fill the Login Details" finished-at="2023-04-22T13:44:30 ICT" duration-ms="1447" status="PASS">
          <reporter-output>
          </reporter-output>
        </test-method> <!-- FillLoginDetails -->
        <test-method signature="DoLogin()[pri:3, instance:com.techbeamers.testng.SaveTestNGResultToExcel@173ed316]" started-at="2023-04-22T13:44:30 ICT" name="DoLogin" description="Perform Login" finished-at="2023-04-22T13:44:32 ICT" duration-ms="2437" status="PASS">
          <reporter-output>
          </reporter-output>
        </test-method> <!-- DoLogin -->
        <test-method signature="LogOut()[pri:4, instance:com.techbeamers.testng.SaveTestNGResultToExcel@173ed316]" started-at="2023-04-22T13:44:32 ICT" name="LogOut" description="Create a video and check the video you just created" finished-at="2023-04-22T13:45:04 ICT" duration-ms="31460" status="PASS">
          <reporter-output>
          </reporter-output>
        </test-method> <!-- LogOut -->
        <test-method is-config="true" signature="suiteTearDown()[pri:0, instance:com.techbeamers.testng.SaveTestNGResultToExcel@173ed316]" started-at="2023-04-22T13:45:04 ICT" name="suiteTearDown" finished-at="2023-04-22T13:45:05 ICT" duration-ms="1089" status="PASS">
          <reporter-output>
          </reporter-output>
        </test-method> <!-- suiteTearDown -->
      </class> <!-- com.techbeamers.testng.SaveTestNGResultToExcel -->
    </test> <!-- Default test -->
  </suite> <!-- Default suite -->
</testng-results>
