<?xml version="1.0" encoding="UTF-8"?>
<!-- Generated by org.testng.reporters.JUnitXMLReporter -->
<testsuite ignored="1" hostname="NGUYENHOAIAN" failures="0" tests="3" name="SaveTestNGResuLtToExceL" time="21.199" errors="0" timestamp="2023-03-30T10:59:48 ICT">
  <testcase classname="com.techbeamers.testng.SaveTestNGResultToExcel" name="LaunchWebsite" time="9.519"/>
  <testcase classname="com.techbeamers.testng.SaveTestNGResultToExcel" name="FillLoginDetails" time="2.141"/>
  <testcase classname="com.techbeamers.testng.SaveTestNGResultToExcel" name="DoLogin" time="3.239"/>
  <testcase classname="com.techbeamers.testng.SaveTestNGResultToExcel" name="LogOut" time="0.0">
    <ignored/>
  </testcase> <!-- LogOut -->
</testsuite> <!-- SaveTestNGResuLtToExceL -->
